Determining if the pthread_create exist failed with the following output:
Change Dir: /home/lion/sideProjects/conway_c_edition/build/CMakeFiles/CMakeTmp

Run Build Command:"/usr/bin/make" "cmTC_58a72/fast"
/usr/bin/make -f CMakeFiles/cmTC_58a72.dir/build.make CMakeFiles/cmTC_58a72.dir/build
make[1]: Entering directory '/home/lion/sideProjects/conway_c_edition/build/CMakeFiles/CMakeTmp'
Building C object CMakeFiles/cmTC_58a72.dir/CheckSymbolExists.c.o
/usr/bin/cc    -o CMakeFiles/cmTC_58a72.dir/CheckSymbolExists.c.o   -c /home/lion/sideProjects/conway_c_edition/build/CMakeFiles/CMakeTmp/CheckSymbolExists.c
Linking C executable cmTC_58a72
/usr/bin/cmake -E cmake_link_script CMakeFiles/cmTC_58a72.dir/link.txt --verbose=1
/usr/bin/cc      CMakeFiles/cmTC_58a72.dir/CheckSymbolExists.c.o  -o cmTC_58a72 
CMakeFiles/cmTC_58a72.dir/CheckSymbolExists.c.o: In function `main':
CheckSymbolExists.c:(.text+0x1b): undefined reference to `pthread_create'
collect2: error: ld returned 1 exit status
CMakeFiles/cmTC_58a72.dir/build.make:97: recipe for target 'cmTC_58a72' failed
make[1]: *** [cmTC_58a72] Error 1
make[1]: Leaving directory '/home/lion/sideProjects/conway_c_edition/build/CMakeFiles/CMakeTmp'
Makefile:126: recipe for target 'cmTC_58a72/fast' failed
make: *** [cmTC_58a72/fast] Error 2

File /home/lion/sideProjects/conway_c_edition/build/CMakeFiles/CMakeTmp/CheckSymbolExists.c:
/* */
#include <pthread.h>

int main(int argc, char** argv)
{
  (void)argv;
#ifndef pthread_create
  return ((int*)(&pthread_create))[argc];
#else
  (void)argc;
  return 0;
#endif
}

Determining if the function pthread_create exists in the pthreads failed with the following output:
Change Dir: /home/lion/sideProjects/conway_c_edition/build/CMakeFiles/CMakeTmp

Run Build Command:"/usr/bin/make" "cmTC_dce10/fast"
/usr/bin/make -f CMakeFiles/cmTC_dce10.dir/build.make CMakeFiles/cmTC_dce10.dir/build
make[1]: Entering directory '/home/lion/sideProjects/conway_c_edition/build/CMakeFiles/CMakeTmp'
Building C object CMakeFiles/cmTC_dce10.dir/CheckFunctionExists.c.o
/usr/bin/cc   -DCHECK_FUNCTION_EXISTS=pthread_create   -o CMakeFiles/cmTC_dce10.dir/CheckFunctionExists.c.o   -c /usr/share/cmake-3.10/Modules/CheckFunctionExists.c
Linking C executable cmTC_dce10
/usr/bin/cmake -E cmake_link_script CMakeFiles/cmTC_dce10.dir/link.txt --verbose=1
/usr/bin/cc  -DCHECK_FUNCTION_EXISTS=pthread_create    CMakeFiles/cmTC_dce10.dir/CheckFunctionExists.c.o  -o cmTC_dce10 -lpthreads 
/usr/bin/ld: cannot find -lpthreads
collect2: error: ld returned 1 exit status
CMakeFiles/cmTC_dce10.dir/build.make:97: recipe for target 'cmTC_dce10' failed
make[1]: *** [cmTC_dce10] Error 1
make[1]: Leaving directory '/home/lion/sideProjects/conway_c_edition/build/CMakeFiles/CMakeTmp'
Makefile:126: recipe for target 'cmTC_dce10/fast' failed
make: *** [cmTC_dce10/fast] Error 2


